# JRE version: OpenJDK Runtime Environment (8.0_292-b10) (build 1.8.0_292-b10)
# Java VM: OpenJDK 64-Bit Server VM (25.292-b10 mixed mode linux-amd64 compressed oops)
Heap:
 PSYoungGen      total 230912K, used 180561K [0x00000000f0000000, 0x0000000100000000, 0x0000000100000000)
  eden space 198656K, 84% used [0x00000000f0000000,0x00000000fa3fc650,0x00000000fc200000)
  from space 32256K, 39% used [0x00000000fe080000,0x00000000fecd7f70,0x0000000100000000)
  to   space 31232K, 0% used [0x00000000fc200000,0x00000000fc200000,0x00000000fe080000)
 ParOldGen       total 524288K, used 122195K [0x00000000d0000000, 0x00000000f0000000, 0x00000000f0000000)
  object space 524288K, 23% used [0x00000000d0000000,0x00000000d7754c20,0x00000000f0000000)
 Metaspace       used 129362K, capacity 133003K, committed 142208K, reserved 1173504K
  class space    used 12474K, capacity 13482K, committed 17584K, reserved 1048576K
GC Heap History (10 events):
Event: 32380.611 GC heap before
{Heap before GC invocations=102 (full 6):
 PSYoungGen      total 225792K, used 24831K [0x00000000f0000000, 0x0000000100000000, 0x0000000100000000)
  eden space 192512K, 0% used [0x00000000f0000000,0x00000000f0000000,0x00000000fbc00000)
  from space 33280K, 74% used [0x00000000fdf80000,0x00000000ff7bffc0,0x0000000100000000)
  to   space 34816K, 0% used [0x00000000fbc00000,0x00000000fbc00000,0x00000000fde00000)
 ParOldGen       total 524288K, used 121274K [0x00000000d0000000, 0x00000000f0000000, 0x00000000f0000000)
  object space 524288K, 23% used [0x00000000d0000000,0x00000000d766e858,0x00000000f0000000)
 Metaspace       used 174177K, capacity 178443K, committed 185160K, reserved 1216512K
  class space    used 14614K, capacity 15870K, committed 17584K, reserved 1048576K
Event: 32380.822 GC heap after
Heap after GC invocations=102 (full 6):
 PSYoungGen      total 225792K, used 0K [0x00000000f0000000, 0x0000000100000000, 0x0000000100000000)
  eden space 192512K, 0% used [0x00000000f0000000,0x00000000f0000000,0x00000000fbc00000)
  from space 33280K, 0% used [0x00000000fdf80000,0x00000000fdf80000,0x0000000100000000)
  to   space 34816K, 0% used [0x00000000fbc00000,0x00000000fbc00000,0x00000000fde00000)
 ParOldGen       total 524288K, used 122171K [0x00000000d0000000, 0x00000000f0000000, 0x00000000f0000000)
  object space 524288K, 23% used [0x00000000d0000000,0x00000000d774ec20,0x00000000f0000000)
 Metaspace       used 82392K, capacity 84849K, committed 109440K, reserved 1140736K
  class space    used 9971K, capacity 10633K, committed 17584K, reserved 1048576K
}
Event: 32721.320 GC heap before
{Heap before GC invocations=103 (full 6):
 PSYoungGen      total 225792K, used 192512K [0x00000000f0000000, 0x0000000100000000, 0x0000000100000000)
  eden space 192512K, 100% used [0x00000000f0000000,0x00000000fbc00000,0x00000000fbc00000)
  from space 33280K, 0% used [0x00000000fdf80000,0x00000000fdf80000,0x0000000100000000)
  to   space 34816K, 0% used [0x00000000fbc00000,0x00000000fbc00000,0x00000000fde00000)
 ParOldGen       total 524288K, used 122171K [0x00000000d0000000, 0x00000000f0000000, 0x00000000f0000000)
  object space 524288K, 23% used [0x00000000d0000000,0x00000000d774ec20,0x00000000f0000000)
 Metaspace       used 93029K, capacity 95769K, committed 109440K, reserved 1140736K
  class space    used 10515K, capacity 11254K, committed 17584K, reserved 1048576K
Event: 32721.331 GC heap after
Heap after GC invocations=103 (full 6):
 PSYoungGen      total 227328K, used 7066K [0x00000000f0000000, 0x0000000100000000, 0x0000000100000000)
  eden space 192512K, 0% used [0x00000000f0000000,0x00000000f0000000,0x00000000fbc00000)
  from space 34816K, 20% used [0x00000000fbc00000,0x00000000fc2e68f0,0x00000000fde00000)
  to   space 34816K, 0% used [0x00000000fde00000,0x00000000fde00000,0x0000000100000000)
 ParOldGen       total 524288K, used 122171K [0x00000000d0000000, 0x00000000f0000000, 0x00000000f0000000)
  object space 524288K, 23% used [0x00000000d0000000,0x00000000d774ec20,0x00000000f0000000)
 Metaspace       used 93029K, capacity 95769K, committed 109440K, reserved 1140736K
  class space    used 10515K, capacity 11254K, committed 17584K, reserved 1048576K
}
Event: 33565.653 GC heap before
{Heap before GC invocations=104 (full 6):
 PSYoungGen      total 227328K, used 199578K [0x00000000f0000000, 0x0000000100000000, 0x0000000100000000)
  eden space 192512K, 100% used [0x00000000f0000000,0x00000000fbc00000,0x00000000fbc00000)
  from space 34816K, 20% used [0x00000000fbc00000,0x00000000fc2e68f0,0x00000000fde00000)
  to   space 34816K, 0% used [0x00000000fde00000,0x00000000fde00000,0x0000000100000000)
 ParOldGen       total 524288K, used 122171K [0x00000000d0000000, 0x00000000f0000000, 0x00000000f0000000)
  object space 524288K, 23% used [0x00000000d0000000,0x00000000d774ec20,0x00000000f0000000)
 Metaspace       used 108811K, capacity 111913K, committed 122752K, reserved 1155072K
  class space    used 11314K, capacity 12147K, committed 17584K, reserved 1048576K
Event: 33565.662 GC heap after
Heap after GC invocations=104 (full 6):
 PSYoungGen      total 228864K, used 14003K [0x00000000f0000000, 0x0000000100000000, 0x0000000100000000)
  eden space 194048K, 0% used [0x00000000f0000000,0x00000000f0000000,0x00000000fbd80000)
  from space 34816K, 40% used [0x00000000fde00000,0x00000000febace50,0x0000000100000000)
  to   space 33280K, 0% used [0x00000000fbd80000,0x00000000fbd80000,0x00000000fde00000)
 ParOldGen       total 524288K, used 122179K [0x00000000d0000000, 0x00000000f0000000, 0x00000000f0000000)
  object space 524288K, 23% used [0x00000000d0000000,0x00000000d7750c20,0x00000000f0000000)
 Metaspace       used 108811K, capacity 111913K, committed 122752K, reserved 1155072K
  class space    used 11314K, capacity 12147K, committed 17584K, reserved 1048576K
}
Event: 34790.203 GC heap before
{Heap before GC invocations=105 (full 6):
 PSYoungGen      total 228864K, used 208051K [0x00000000f0000000, 0x0000000100000000, 0x0000000100000000)
  eden space 194048K, 100% used [0x00000000f0000000,0x00000000fbd80000,0x00000000fbd80000)
  from space 34816K, 40% used [0x00000000fde00000,0x00000000febace50,0x0000000100000000)
  to   space 33280K, 0% used [0x00000000fbd80000,0x00000000fbd80000,0x00000000fde00000)
 ParOldGen       total 524288K, used 122179K [0x00000000d0000000, 0x00000000f0000000, 0x00000000f0000000)
  object space 524288K, 23% used [0x00000000d0000000,0x00000000d7750c20,0x00000000f0000000)
 Metaspace       used 117182K, capacity 120429K, committed 130688K, reserved 1163264K
  class space    used 11735K, capacity 12615K, committed 17584K, reserved 1048576K
Event: 34790.209 GC heap after
Heap after GC invocations=105 (full 6):
 PSYoungGen      total 227328K, used 11031K [0x00000000f0000000, 0x0000000100000000, 0x0000000100000000)
  eden space 194048K, 0% used [0x00000000f0000000,0x00000000f0000000,0x00000000fbd80000)
  from space 33280K, 33% used [0x00000000fbd80000,0x00000000fc845d58,0x00000000fde00000)
  to   space 32256K, 0% used [0x00000000fe080000,0x00000000fe080000,0x0000000100000000)
 ParOldGen       total 524288K, used 122187K [0x00000000d0000000, 0x00000000f0000000, 0x00000000f0000000)
  object space 524288K, 23% used [0x00000000d0000000,0x00000000d7752c20,0x00000000f0000000)
 Metaspace       used 117182K, capacity 120429K, committed 130688K, reserved 1163264K
  class space    used 11735K, capacity 12615K, committed 17584K, reserved 1048576K
}
Event: 38249.717 GC heap before
{Heap before GC invocations=106 (full 6):
 PSYoungGen      total 227328K, used 205079K [0x00000000f0000000, 0x0000000100000000, 0x0000000100000000)
  eden space 194048K, 100% used [0x00000000f0000000,0x00000000fbd80000,0x00000000fbd80000)
  from space 33280K, 33% used [0x00000000fbd80000,0x00000000fc845d58,0x00000000fde00000)
  to   space 32256K, 0% used [0x00000000fe080000,0x00000000fe080000,0x0000000100000000)
 ParOldGen       total 524288K, used 122187K [0x00000000d0000000, 0x00000000f0000000, 0x00000000f0000000)
  object space 524288K, 23% used [0x00000000d0000000,0x00000000d7752c20,0x00000000f0000000)
 Metaspace       used 128929K, capacity 132367K, committed 141952K, reserved 1173504K
  class space    used 12322K, capacity 13231K, committed 17584K, reserved 1048576K
Event: 38249.726 GC heap after
Heap after GC invocations=106 (full 6):
 PSYoungGen      total 230912K, used 12639K [0x00000000f0000000, 0x0000000100000000, 0x0000000100000000)
  eden space 198656K, 0% used [0x00000000f0000000,0x00000000f0000000,0x00000000fc200000)
  from space 32256K, 39% used [0x00000000fe080000,0x00000000fecd7f70,0x0000000100000000)
  to   space 31232K, 0% used [0x00000000fc200000,0x00000000fc200000,0x00000000fe080000)
 ParOldGen       total 524288K, used 122195K [0x00000000d0000000, 0x00000000f0000000, 0x00000000f0000000)
  object space 524288K, 23% used [0x00000000d0000000,0x00000000d7754c20,0x00000000f0000000)
 Metaspace       used 128929K, capacity 132367K, committed 141952K, reserved 1173504K
  class space    used 12322K, capacity 13231K, committed 17584K, reserved 1048576K
}

